<templateSet group="JUnit">
  <template name="test" value="@Test&#10;void $NAME$() {&#10;    $GIVEN$&#10;}" description="Generate test case" toReformat="false" toShortenFQNames="true">
    <variable name="NAME" expression="" defaultValue="" alwaysStopAt="true" />
    <variable name="GIVEN" expression="" defaultValue="" alwaysStopAt="true" />
    <context>
      <option name="JAVA_CODE" value="true" />
    </context>
  </template>
</templateSet>